<?xml version="1.0" encoding="UTF-8"?>
<testsuite xmlns:xsi="http://www.w3.org/2001/XMLSchema-instance" xsi:noNamespaceSchemaLocation="https://maven.apache.org/surefire/maven-surefire-plugin/xsd/surefire-test-report.xsd" name="tdd.exercice.PersonTest.PersonDAOTest" time="0.071" tests="6" errors="0" skipped="0" failures="0">
  <properties>
[...]
</properties>
  <testcase name="testIsValidToIncludeInvalidPerson{Person}[1]" classname="tdd.exercice.PersonTest.PersonDAOTest" time="0.032"/>
  <testcase name="testIsValidToIncludeInvalidPerson{Person}[2]" classname="tdd.exercice.PersonTest.PersonDAOTest" time="0"/>
  <testcase name="testIsValidToIncludeInvalidPerson{Person}[3]" classname="tdd.exercice.PersonTest.PersonDAOTest" time="0"/>
  <testcase name="testIsValidToIncludeInvalidPerson{Person}[4]" classname="tdd.exercice.PersonTest.PersonDAOTest" time="0"/>
  <testcase name="testIsValidToIncludeValidPerson{Person}[1]" classname="tdd.exercice.PersonTest.PersonDAOTest" time="0.006"/>
  <testcase name="testIsValidToIncludeValidPerson{Person}[2]" classname="tdd.exercice.PersonTest.PersonDAOTest" time="0"/>
</testsuite>